report_timing -max_paths 10 -nworst 1 -delay_type max -sort_by slack
INFO: [Timing 38-91] UpdateTimingParams: Speed grade: -2, Temperature grade: E, Delay Type: max.
INFO: [Timing 38-191] Multithreading enabled for timing update using a maximum of 2 CPUs
WARNING: [Timing 38-242] The property HD.CLK_SRC of clock port "aclk" is not set. In out-of-context mode, this prevents timing estimation for clock delay/skew
Resolution: Set the HD.CLK_SRC property of the out-of-context port to the location of the clock buffer instance in the top-level design
INFO: [Timing 38-78] ReportTimingParams: -max_paths 10 -nworst 1 -delay_type max -sort_by slack.
Copyright 1986-2019 Xilinx, Inc. All Rights Reserved.
-------------------------------------------------------------------------------------------
| Tool Version      : Vivado v.2019.1 (win64) Build 2552052 Fri May 24 14:49:42 MDT 2019
| Date              : Fri Jan 23 11:01:54 2026
| Host              : FENS-GRD-36822 running 64-bit major release  (build 9200)
| Command           : report_timing -max_paths 10 -nworst 1 -delay_type max -sort_by slack
| Design            : rms_norm_axi_wrapper
| Device            : xcku5p-ffvb676
| Speed File        : -2  PRODUCTION 1.23 03-18-2019
| Temperature Grade : E
-------------------------------------------------------------------------------------------

Timing Report

Slack (MET) :             0.002ns  (required time - arrival time)
  Source:                 u_rms_norm_core/gen_norm_mul[11].u_norm_mul/s1_a_man_q_reg[3]/C
                            (rising edge-triggered cell FDCE clocked by clk  {rise@0.000ns fall@1.300ns period=2.600ns})
  Destination:            u_rms_norm_core/gen_norm_mul[11].u_norm_mul/s2_z0_q0__0/DSP_OUTPUT_INST/ALU_OUT[0]
                            (rising edge-triggered cell DSP_OUTPUT clocked by clk  {rise@0.000ns fall@1.300ns period=2.600ns})
  Path Group:             clk
  Path Type:              Setup (Max at Slow Process Corner)
  Requirement:            2.600ns  (clk rise@2.600ns - clk rise@0.000ns)
  Data Path Delay:        2.593ns  (logic 2.198ns (84.767%)  route 0.395ns (15.233%))
  Logic Levels:           7  (DSP_A_B_DATA=1 DSP_ALU=2 DSP_M_DATA=1 DSP_MULTIPLIER=1 DSP_OUTPUT=1 DSP_PREADD_DATA=1)
  Clock Path Skew:        0.015ns (DCD - SCD + CPR)
    Destination Clock Delay (DCD):    0.043ns = ( 2.643 - 2.600 ) 
    Source Clock Delay      (SCD):    0.028ns
    Clock Pessimism Removal (CPR):    0.000ns
  Clock Uncertainty:      0.035ns  ((TSJ^2 + TIJ^2)^1/2 + DJ) / 2 + PE
    Total System Jitter     (TSJ):    0.071ns
    Total Input Jitter      (TIJ):    0.000ns
    Discrete Jitter          (DJ):    0.000ns
    Phase Error              (PE):    0.000ns

    Location             Delay type                Incr(ns)  Path(ns)    Netlist Resource(s)
  -------------------------------------------------------------------    -------------------
                         (clock clk rise edge)        0.000     0.000 r  
                                                      0.000     0.000 r  aclk (IN)
                         net (fo=32102, unset)        0.028     0.028    u_rms_norm_core/gen_norm_mul[11].u_norm_mul/aclk
    SLICE_X59Y91         FDCE                                         r  u_rms_norm_core/gen_norm_mul[11].u_norm_mul/s1_a_man_q_reg[3]/C
  -------------------------------------------------------------------    -------------------
    SLICE_X59Y91         FDCE (Prop_CFF2_SLICEL_C_Q)
                                                      0.080     0.108 f  u_rms_norm_core/gen_norm_mul[11].u_norm_mul/s1_a_man_q_reg[3]/Q
                         net (fo=1, routed)           0.381     0.489    u_rms_norm_core/gen_norm_mul[11].u_norm_mul/s2_z0_q0/B[3]
    DSP48E2_X10Y36       DSP_A_B_DATA (Prop_DSP_A_B_DATA_DSP48E2_B[3]_B2_DATA[3])
                                                      0.151     0.640 r  u_rms_norm_core/gen_norm_mul[11].u_norm_mul/s2_z0_q0/DSP_A_B_DATA_INST/B2_DATA[3]
                         net (fo=1, routed)           0.000     0.640    u_rms_norm_core/gen_norm_mul[11].u_norm_mul/s2_z0_q0/DSP_A_B_DATA.B2_DATA<3>
    DSP48E2_X10Y36       DSP_PREADD_DATA (Prop_DSP_PREADD_DATA_DSP48E2_B2_DATA[3]_B2B1[3])
                                                      0.073     0.713 r  u_rms_norm_core/gen_norm_mul[11].u_norm_mul/s2_z0_q0/DSP_PREADD_DATA_INST/B2B1[3]
                         net (fo=1, routed)           0.000     0.713    u_rms_norm_core/gen_norm_mul[11].u_norm_mul/s2_z0_q0/DSP_PREADD_DATA.B2B1<3>
    DSP48E2_X10Y36       DSP_MULTIPLIER (Prop_DSP_MULTIPLIER_DSP48E2_B2B1[3]_V[34])
                                                      0.609     1.322 f  u_rms_norm_core/gen_norm_mul[11].u_norm_mul/s2_z0_q0/DSP_MULTIPLIER_INST/V[34]
                         net (fo=1, routed)           0.000     1.322    u_rms_norm_core/gen_norm_mul[11].u_norm_mul/s2_z0_q0/DSP_MULTIPLIER.V<34>
    DSP48E2_X10Y36       DSP_M_DATA (Prop_DSP_M_DATA_DSP48E2_V[34]_V_DATA[34])
                                                      0.046     1.368 r  u_rms_norm_core/gen_norm_mul[11].u_norm_mul/s2_z0_q0/DSP_M_DATA_INST/V_DATA[34]
                         net (fo=1, routed)           0.000     1.368    u_rms_norm_core/gen_norm_mul[11].u_norm_mul/s2_z0_q0/DSP_M_DATA.V_DATA<34>
    DSP48E2_X10Y36       DSP_ALU (Prop_DSP_ALU_DSP48E2_V_DATA[34]_ALU_OUT[47])
                                                      0.571     1.939 f  u_rms_norm_core/gen_norm_mul[11].u_norm_mul/s2_z0_q0/DSP_ALU_INST/ALU_OUT[47]
                         net (fo=1, routed)           0.000     1.939    u_rms_norm_core/gen_norm_mul[11].u_norm_mul/s2_z0_q0/DSP_ALU.ALU_OUT<47>
    DSP48E2_X10Y36       DSP_OUTPUT (Prop_DSP_OUTPUT_DSP48E2_ALU_OUT[47]_PCOUT[47])
                                                      0.122     2.061 r  u_rms_norm_core/gen_norm_mul[11].u_norm_mul/s2_z0_q0/DSP_OUTPUT_INST/PCOUT[47]
                         net (fo=1, routed)           0.014     2.075    u_rms_norm_core/gen_norm_mul[11].u_norm_mul/s2_z0_q0__0/PCIN[47]
    DSP48E2_X10Y37       DSP_ALU (Prop_DSP_ALU_DSP48E2_PCIN[47]_ALU_OUT[0])
                                                      0.546     2.621 r  u_rms_norm_core/gen_norm_mul[11].u_norm_mul/s2_z0_q0__0/DSP_ALU_INST/ALU_OUT[0]
                         net (fo=1, routed)           0.000     2.621    u_rms_norm_core/gen_norm_mul[11].u_norm_mul/s2_z0_q0__0/DSP_ALU.ALU_OUT<0>
    DSP48E2_X10Y37       DSP_OUTPUT                                   r  u_rms_norm_core/gen_norm_mul[11].u_norm_mul/s2_z0_q0__0/DSP_OUTPUT_INST/ALU_OUT[0]
  -------------------------------------------------------------------    -------------------

                         (clock clk rise edge)        2.600     2.600 r  
                                                      0.000     2.600 r  aclk (IN)
                         net (fo=32102, unset)        0.043     2.643    u_rms_norm_core/gen_norm_mul[11].u_norm_mul/s2_z0_q0__0/CLK
    DSP48E2_X10Y37       DSP_OUTPUT                                   r  u_rms_norm_core/gen_norm_mul[11].u_norm_mul/s2_z0_q0__0/DSP_OUTPUT_INST/CLK
                         clock pessimism              0.000     2.643    
                         clock uncertainty           -0.035     2.608    
    DSP48E2_X10Y37       DSP_OUTPUT (Setup_DSP_OUTPUT_DSP48E2_CLK_ALU_OUT[0])
                                                      0.015     2.623    u_rms_norm_core/gen_norm_mul[11].u_norm_mul/s2_z0_q0__0/DSP_OUTPUT_INST
  -------------------------------------------------------------------
                         required time                          2.623    
                         arrival time                          -2.621    
  -------------------------------------------------------------------
                         slack                                  0.002    

Slack (MET) :             0.002ns  (required time - arrival time)
  Source:                 u_rms_norm_core/gen_norm_mul[11].u_norm_mul/s1_a_man_q_reg[3]/C
                            (rising edge-triggered cell FDCE clocked by clk  {rise@0.000ns fall@1.300ns period=2.600ns})
  Destination:            u_rms_norm_core/gen_norm_mul[11].u_norm_mul/s2_z0_q0__0/DSP_OUTPUT_INST/ALU_OUT[10]
                            (rising edge-triggered cell DSP_OUTPUT clocked by clk  {rise@0.000ns fall@1.300ns period=2.600ns})
  Path Group:             clk
  Path Type:              Setup (Max at Slow Process Corner)
  Requirement:            2.600ns  (clk rise@2.600ns - clk rise@0.000ns)
  Data Path Delay:        2.593ns  (logic 2.198ns (84.767%)  route 0.395ns (15.233%))
  Logic Levels:           7  (DSP_A_B_DATA=1 DSP_ALU=2 DSP_M_DATA=1 DSP_MULTIPLIER=1 DSP_OUTPUT=1 DSP_PREADD_DATA=1)
  Clock Path Skew:        0.015ns (DCD - SCD + CPR)
    Destination Clock Delay (DCD):    0.043ns = ( 2.643 - 2.600 ) 
    Source Clock Delay      (SCD):    0.028ns
    Clock Pessimism Removal (CPR):    0.000ns
  Clock Uncertainty:      0.035ns  ((TSJ^2 + TIJ^2)^1/2 + DJ) / 2 + PE
    Total System Jitter     (TSJ):    0.071ns
    Total Input Jitter      (TIJ):    0.000ns
    Discrete Jitter          (DJ):    0.000ns
    Phase Error              (PE):    0.000ns

    Location             Delay type                Incr(ns)  Path(ns)    Netlist Resource(s)
  -------------------------------------------------------------------    -------------------
                         (clock clk rise edge)        0.000     0.000 r  
                                                      0.000     0.000 r  aclk (IN)
                         net (fo=32102, unset)        0.028     0.028    u_rms_norm_core/gen_norm_mul[11].u_norm_mul/aclk
    SLICE_X59Y91         FDCE                                         r  u_rms_norm_core/gen_norm_mul[11].u_norm_mul/s1_a_man_q_reg[3]/C
  -------------------------------------------------------------------    -------------------
    SLICE_X59Y91         FDCE (Prop_CFF2_SLICEL_C_Q)
                                                      0.080     0.108 f  u_rms_norm_core/gen_norm_mul[11].u_norm_mul/s1_a_man_q_reg[3]/Q
                         net (fo=1, routed)           0.381     0.489    u_rms_norm_core/gen_norm_mul[11].u_norm_mul/s2_z0_q0/B[3]
    DSP48E2_X10Y36       DSP_A_B_DATA (Prop_DSP_A_B_DATA_DSP48E2_B[3]_B2_DATA[3])
                                                      0.151     0.640 r  u_rms_norm_core/gen_norm_mul[11].u_norm_mul/s2_z0_q0/DSP_A_B_DATA_INST/B2_DATA[3]
                         net (fo=1, routed)           0.000     0.640    u_rms_norm_core/gen_norm_mul[11].u_norm_mul/s2_z0_q0/DSP_A_B_DATA.B2_DATA<3>
    DSP48E2_X10Y36       DSP_PREADD_DATA (Prop_DSP_PREADD_DATA_DSP48E2_B2_DATA[3]_B2B1[3])
                                                      0.073     0.713 r  u_rms_norm_core/gen_norm_mul[11].u_norm_mul/s2_z0_q0/DSP_PREADD_DATA_INST/B2B1[3]
                         net (fo=1, routed)           0.000     0.713    u_rms_norm_core/gen_norm_mul[11].u_norm_mul/s2_z0_q0/DSP_PREADD_DATA.B2B1<3>
    DSP48E2_X10Y36       DSP_MULTIPLIER (Prop_DSP_MULTIPLIER_DSP48E2_B2B1[3]_V[34])
                                                      0.609     1.322 f  u_rms_norm_core/gen_norm_mul[11].u_norm_mul/s2_z0_q0/DSP_MULTIPLIER_INST/V[34]
                         net (fo=1, routed)           0.000     1.322    u_rms_norm_core/gen_norm_mul[11].u_norm_mul/s2_z0_q0/DSP_MULTIPLIER.V<34>
    DSP48E2_X10Y36       DSP_M_DATA (Prop_DSP_M_DATA_DSP48E2_V[34]_V_DATA[34])
                                                      0.046     1.368 r  u_rms_norm_core/gen_norm_mul[11].u_norm_mul/s2_z0_q0/DSP_M_DATA_INST/V_DATA[34]
                         net (fo=1, routed)           0.000     1.368    u_rms_norm_core/gen_norm_mul[11].u_norm_mul/s2_z0_q0/DSP_M_DATA.V_DATA<34>
    DSP48E2_X10Y36       DSP_ALU (Prop_DSP_ALU_DSP48E2_V_DATA[34]_ALU_OUT[47])
                                                      0.571     1.939 f  u_rms_norm_core/gen_norm_mul[11].u_norm_mul/s2_z0_q0/DSP_ALU_INST/ALU_OUT[47]
                         net (fo=1, routed)           0.000     1.939    u_rms_norm_core/gen_norm_mul[11].u_norm_mul/s2_z0_q0/DSP_ALU.ALU_OUT<47>
    DSP48E2_X10Y36       DSP_OUTPUT (Prop_DSP_OUTPUT_DSP48E2_ALU_OUT[47]_PCOUT[47])
                                                      0.122     2.061 r  u_rms_norm_core/gen_norm_mul[11].u_norm_mul/s2_z0_q0/DSP_OUTPUT_INST/PCOUT[47]
                         net (fo=1, routed)           0.014     2.075    u_rms_norm_core/gen_norm_mul[11].u_norm_mul/s2_z0_q0__0/PCIN[47]
    DSP48E2_X10Y37       DSP_ALU (Prop_DSP_ALU_DSP48E2_PCIN[47]_ALU_OUT[10])
                                                      0.546     2.621 r  u_rms_norm_core/gen_norm_mul[11].u_norm_mul/s2_z0_q0__0/DSP_ALU_INST/ALU_OUT[10]
                         net (fo=1, routed)           0.000     2.621    u_rms_norm_core/gen_norm_mul[11].u_norm_mul/s2_z0_q0__0/DSP_ALU.ALU_OUT<10>
    DSP48E2_X10Y37       DSP_OUTPUT                                   r  u_rms_norm_core/gen_norm_mul[11].u_norm_mul/s2_z0_q0__0/DSP_OUTPUT_INST/ALU_OUT[10]
  -------------------------------------------------------------------    -------------------

                         (clock clk rise edge)        2.600     2.600 r  
                                                      0.000     2.600 r  aclk (IN)
                         net (fo=32102, unset)        0.043     2.643    u_rms_norm_core/gen_norm_mul[11].u_norm_mul/s2_z0_q0__0/CLK
    DSP48E2_X10Y37       DSP_OUTPUT                                   r  u_rms_norm_core/gen_norm_mul[11].u_norm_mul/s2_z0_q0__0/DSP_OUTPUT_INST/CLK
                         clock pessimism              0.000     2.643    
                         clock uncertainty           -0.035     2.608    
    DSP48E2_X10Y37       DSP_OUTPUT (Setup_DSP_OUTPUT_DSP48E2_CLK_ALU_OUT[10])
                                                      0.015     2.623    u_rms_norm_core/gen_norm_mul[11].u_norm_mul/s2_z0_q0__0/DSP_OUTPUT_INST
  -------------------------------------------------------------------
                         required time                          2.623    
                         arrival time                          -2.621    
  -------------------------------------------------------------------
                         slack                                  0.002    

Slack (MET) :             0.002ns  (required time - arrival time)
  Source:                 u_rms_norm_core/gen_norm_mul[11].u_norm_mul/s1_a_man_q_reg[3]/C
                            (rising edge-triggered cell FDCE clocked by clk  {rise@0.000ns fall@1.300ns period=2.600ns})
  Destination:            u_rms_norm_core/gen_norm_mul[11].u_norm_mul/s2_z0_q0__0/DSP_OUTPUT_INST/ALU_OUT[11]
                            (rising edge-triggered cell DSP_OUTPUT clocked by clk  {rise@0.000ns fall@1.300ns period=2.600ns})
  Path Group:             clk
  Path Type:              Setup (Max at Slow Process Corner)
  Requirement:            2.600ns  (clk rise@2.600ns - clk rise@0.000ns)
  Data Path Delay:        2.593ns  (logic 2.198ns (84.767%)  route 0.395ns (15.233%))
  Logic Levels:           7  (DSP_A_B_DATA=1 DSP_ALU=2 DSP_M_DATA=1 DSP_MULTIPLIER=1 DSP_OUTPUT=1 DSP_PREADD_DATA=1)
  Clock Path Skew:        0.015ns (DCD - SCD + CPR)
    Destination Clock Delay (DCD):    0.043ns = ( 2.643 - 2.600 ) 
    Source Clock Delay      (SCD):    0.028ns
    Clock Pessimism Removal (CPR):    0.000ns
  Clock Uncertainty:      0.035ns  ((TSJ^2 + TIJ^2)^1/2 + DJ) / 2 + PE
    Total System Jitter     (TSJ):    0.071ns
    Total Input Jitter      (TIJ):    0.000ns
    Discrete Jitter          (DJ):    0.000ns
    Phase Error              (PE):    0.000ns

    Location             Delay type                Incr(ns)  Path(ns)    Netlist Resource(s)
  -------------------------------------------------------------------    -------------------
                         (clock clk rise edge)        0.000     0.000 r  
                                                      0.000     0.000 r  aclk (IN)
                         net (fo=32102, unset)        0.028     0.028    u_rms_norm_core/gen_norm_mul[11].u_norm_mul/aclk
    SLICE_X59Y91         FDCE                                         r  u_rms_norm_core/gen_norm_mul[11].u_norm_mul/s1_a_man_q_reg[3]/C
  -------------------------------------------------------------------    -------------------
    SLICE_X59Y91         FDCE (Prop_CFF2_SLICEL_C_Q)
                                                      0.080     0.108 f  u_rms_norm_core/gen_norm_mul[11].u_norm_mul/s1_a_man_q_reg[3]/Q
                         net (fo=1, routed)           0.381     0.489    u_rms_norm_core/gen_norm_mul[11].u_norm_mul/s2_z0_q0/B[3]
    DSP48E2_X10Y36       DSP_A_B_DATA (Prop_DSP_A_B_DATA_DSP48E2_B[3]_B2_DATA[3])
                                                      0.151     0.640 r  u_rms_norm_core/gen_norm_mul[11].u_norm_mul/s2_z0_q0/DSP_A_B_DATA_INST/B2_DATA[3]
                         net (fo=1, routed)           0.000     0.640    u_rms_norm_core/gen_norm_mul[11].u_norm_mul/s2_z0_q0/DSP_A_B_DATA.B2_DATA<3>
    DSP48E2_X10Y36       DSP_PREADD_DATA (Prop_DSP_PREADD_DATA_DSP48E2_B2_DATA[3]_B2B1[3])
                                                      0.073     0.713 r  u_rms_norm_core/gen_norm_mul[11].u_norm_mul/s2_z0_q0/DSP_PREADD_DATA_INST/B2B1[3]
                         net (fo=1, routed)           0.000     0.713    u_rms_norm_core/gen_norm_mul[11].u_norm_mul/s2_z0_q0/DSP_PREADD_DATA.B2B1<3>
    DSP48E2_X10Y36       DSP_MULTIPLIER (Prop_DSP_MULTIPLIER_DSP48E2_B2B1[3]_V[34])
                                                      0.609     1.322 f  u_rms_norm_core/gen_norm_mul[11].u_norm_mul/s2_z0_q0/DSP_MULTIPLIER_INST/V[34]
                         net (fo=1, routed)           0.000     1.322    u_rms_norm_core/gen_norm_mul[11].u_norm_mul/s2_z0_q0/DSP_MULTIPLIER.V<34>
    DSP48E2_X10Y36       DSP_M_DATA (Prop_DSP_M_DATA_DSP48E2_V[34]_V_DATA[34])
                                                      0.046     1.368 r  u_rms_norm_core/gen_norm_mul[11].u_norm_mul/s2_z0_q0/DSP_M_DATA_INST/V_DATA[34]
                         net (fo=1, routed)           0.000     1.368    u_rms_norm_core/gen_norm_mul[11].u_norm_mul/s2_z0_q0/DSP_M_DATA.V_DATA<34>
    DSP48E2_X10Y36       DSP_ALU (Prop_DSP_ALU_DSP48E2_V_DATA[34]_ALU_OUT[47])
                                                      0.571     1.939 f  u_rms_norm_core/gen_norm_mul[11].u_norm_mul/s2_z0_q0/DSP_ALU_INST/ALU_OUT[47]
                         net (fo=1, routed)           0.000     1.939    u_rms_norm_core/gen_norm_mul[11].u_norm_mul/s2_z0_q0/DSP_ALU.ALU_OUT<47>
    DSP48E2_X10Y36       DSP_OUTPUT (Prop_DSP_OUTPUT_DSP48E2_ALU_OUT[47]_PCOUT[47])
                                                      0.122     2.061 r  u_rms_norm_core/gen_norm_mul[11].u_norm_mul/s2_z0_q0/DSP_OUTPUT_INST/PCOUT[47]
                         net (fo=1, routed)           0.014     2.075    u_rms_norm_core/gen_norm_mul[11].u_norm_mul/s2_z0_q0__0/PCIN[47]
    DSP48E2_X10Y37       DSP_ALU (Prop_DSP_ALU_DSP48E2_PCIN[47]_ALU_OUT[11])
                                                      0.546     2.621 r  u_rms_norm_core/gen_norm_mul[11].u_norm_mul/s2_z0_q0__0/DSP_ALU_INST/ALU_OUT[11]
                         net (fo=1, routed)           0.000     2.621    u_rms_norm_core/gen_norm_mul[11].u_norm_mul/s2_z0_q0__0/DSP_ALU.ALU_OUT<11>
    DSP48E2_X10Y37       DSP_OUTPUT                                   r  u_rms_norm_core/gen_norm_mul[11].u_norm_mul/s2_z0_q0__0/DSP_OUTPUT_INST/ALU_OUT[11]
  -------------------------------------------------------------------    -------------------

                         (clock clk rise edge)        2.600     2.600 r  
                                                      0.000     2.600 r  aclk (IN)
                         net (fo=32102, unset)        0.043     2.643    u_rms_norm_core/gen_norm_mul[11].u_norm_mul/s2_z0_q0__0/CLK
    DSP48E2_X10Y37       DSP_OUTPUT                                   r  u_rms_norm_core/gen_norm_mul[11].u_norm_mul/s2_z0_q0__0/DSP_OUTPUT_INST/CLK
                         clock pessimism              0.000     2.643    
                         clock uncertainty           -0.035     2.608    
    DSP48E2_X10Y37       DSP_OUTPUT (Setup_DSP_OUTPUT_DSP48E2_CLK_ALU_OUT[11])
                                                      0.015     2.623    u_rms_norm_core/gen_norm_mul[11].u_norm_mul/s2_z0_q0__0/DSP_OUTPUT_INST
  -------------------------------------------------------------------
                         required time                          2.623    
                         arrival time                          -2.621    
  -------------------------------------------------------------------
                         slack                                  0.002    

Slack (MET) :             0.002ns  (required time - arrival time)
  Source:                 u_rms_norm_core/gen_norm_mul[11].u_norm_mul/s1_a_man_q_reg[3]/C
                            (rising edge-triggered cell FDCE clocked by clk  {rise@0.000ns fall@1.300ns period=2.600ns})
  Destination:            u_rms_norm_core/gen_norm_mul[11].u_norm_mul/s2_z0_q0__0/DSP_OUTPUT_INST/ALU_OUT[12]
                            (rising edge-triggered cell DSP_OUTPUT clocked by clk  {rise@0.000ns fall@1.300ns period=2.600ns})
  Path Group:             clk
  Path Type:              Setup (Max at Slow Process Corner)
  Requirement:            2.600ns  (clk rise@2.600ns - clk rise@0.000ns)
  Data Path Delay:        2.593ns  (logic 2.198ns (84.767%)  route 0.395ns (15.233%))
  Logic Levels:           7  (DSP_A_B_DATA=1 DSP_ALU=2 DSP_M_DATA=1 DSP_MULTIPLIER=1 DSP_OUTPUT=1 DSP_PREADD_DATA=1)
  Clock Path Skew:        0.015ns (DCD - SCD + CPR)
    Destination Clock Delay (DCD):    0.043ns = ( 2.643 - 2.600 ) 
    Source Clock Delay      (SCD):    0.028ns
    Clock Pessimism Removal (CPR):    0.000ns
  Clock Uncertainty:      0.035ns  ((TSJ^2 + TIJ^2)^1/2 + DJ) / 2 + PE
    Total System Jitter     (TSJ):    0.071ns
    Total Input Jitter      (TIJ):    0.000ns
    Discrete Jitter          (DJ):    0.000ns
    Phase Error              (PE):    0.000ns

    Location             Delay type                Incr(ns)  Path(ns)    Netlist Resource(s)
  -------------------------------------------------------------------    -------------------
                         (clock clk rise edge)        0.000     0.000 r  
                                                      0.000     0.000 r  aclk (IN)
                         net (fo=32102, unset)        0.028     0.028    u_rms_norm_core/gen_norm_mul[11].u_norm_mul/aclk
    SLICE_X59Y91         FDCE                                         r  u_rms_norm_core/gen_norm_mul[11].u_norm_mul/s1_a_man_q_reg[3]/C
  -------------------------------------------------------------------    -------------------
    SLICE_X59Y91         FDCE (Prop_CFF2_SLICEL_C_Q)
                                                      0.080     0.108 f  u_rms_norm_core/gen_norm_mul[11].u_norm_mul/s1_a_man_q_reg[3]/Q
                         net (fo=1, routed)           0.381     0.489    u_rms_norm_core/gen_norm_mul[11].u_norm_mul/s2_z0_q0/B[3]
    DSP48E2_X10Y36       DSP_A_B_DATA (Prop_DSP_A_B_DATA_DSP48E2_B[3]_B2_DATA[3])
                                                      0.151     0.640 r  u_rms_norm_core/gen_norm_mul[11].u_norm_mul/s2_z0_q0/DSP_A_B_DATA_INST/B2_DATA[3]
                         net (fo=1, routed)           0.000     0.640    u_rms_norm_core/gen_norm_mul[11].u_norm_mul/s2_z0_q0/DSP_A_B_DATA.B2_DATA<3>
    DSP48E2_X10Y36       DSP_PREADD_DATA (Prop_DSP_PREADD_DATA_DSP48E2_B2_DATA[3]_B2B1[3])
                                                      0.073     0.713 r  u_rms_norm_core/gen_norm_mul[11].u_norm_mul/s2_z0_q0/DSP_PREADD_DATA_INST/B2B1[3]
                         net (fo=1, routed)           0.000     0.713    u_rms_norm_core/gen_norm_mul[11].u_norm_mul/s2_z0_q0/DSP_PREADD_DATA.B2B1<3>
    DSP48E2_X10Y36       DSP_MULTIPLIER (Prop_DSP_MULTIPLIER_DSP48E2_B2B1[3]_V[34])
                                                      0.609     1.322 f  u_rms_norm_core/gen_norm_mul[11].u_norm_mul/s2_z0_q0/DSP_MULTIPLIER_INST/V[34]
                         net (fo=1, routed)           0.000     1.322    u_rms_norm_core/gen_norm_mul[11].u_norm_mul/s2_z0_q0/DSP_MULTIPLIER.V<34>
    DSP48E2_X10Y36       DSP_M_DATA (Prop_DSP_M_DATA_DSP48E2_V[34]_V_DATA[34])
                                                      0.046     1.368 r  u_rms_norm_core/gen_norm_mul[11].u_norm_mul/s2_z0_q0/DSP_M_DATA_INST/V_DATA[34]
                         net (fo=1, routed)           0.000     1.368    u_rms_norm_core/gen_norm_mul[11].u_norm_mul/s2_z0_q0/DSP_M_DATA.V_DATA<34>
    DSP48E2_X10Y36       DSP_ALU (Prop_DSP_ALU_DSP48E2_V_DATA[34]_ALU_OUT[47])
                                                      0.571     1.939 f  u_rms_norm_core/gen_norm_mul[11].u_norm_mul/s2_z0_q0/DSP_ALU_INST/ALU_OUT[47]
                         net (fo=1, routed)           0.000     1.939    u_rms_norm_core/gen_norm_mul[11].u_norm_mul/s2_z0_q0/DSP_ALU.ALU_OUT<47>
    DSP48E2_X10Y36       DSP_OUTPUT (Prop_DSP_OUTPUT_DSP48E2_ALU_OUT[47]_PCOUT[47])
                                                      0.122     2.061 r  u_rms_norm_core/gen_norm_mul[11].u_norm_mul/s2_z0_q0/DSP_OUTPUT_INST/PCOUT[47]
                         net (fo=1, routed)           0.014     2.075    u_rms_norm_core/gen_norm_mul[11].u_norm_mul/s2_z0_q0__0/PCIN[47]
    DSP48E2_X10Y37       DSP_ALU (Prop_DSP_ALU_DSP48E2_PCIN[47]_ALU_OUT[12])
                                                      0.546     2.621 r  u_rms_norm_core/gen_norm_mul[11].u_norm_mul/s2_z0_q0__0/DSP_ALU_INST/ALU_OUT[12]
                         net (fo=1, routed)           0.000     2.621    u_rms_norm_core/gen_norm_mul[11].u_norm_mul/s2_z0_q0__0/DSP_ALU.ALU_OUT<12>
    DSP48E2_X10Y37       DSP_OUTPUT                                   r  u_rms_norm_core/gen_norm_mul[11].u_norm_mul/s2_z0_q0__0/DSP_OUTPUT_INST/ALU_OUT[12]
  -------------------------------------------------------------------    -------------------

                         (clock clk rise edge)        2.600     2.600 r  
                                                      0.000     2.600 r  aclk (IN)
                         net (fo=32102, unset)        0.043     2.643    u_rms_norm_core/gen_norm_mul[11].u_norm_mul/s2_z0_q0__0/CLK
    DSP48E2_X10Y37       DSP_OUTPUT                                   r  u_rms_norm_core/gen_norm_mul[11].u_norm_mul/s2_z0_q0__0/DSP_OUTPUT_INST/CLK
                         clock pessimism              0.000     2.643    
                         clock uncertainty           -0.035     2.608    
    DSP48E2_X10Y37       DSP_OUTPUT (Setup_DSP_OUTPUT_DSP48E2_CLK_ALU_OUT[12])
                                                      0.015     2.623    u_rms_norm_core/gen_norm_mul[11].u_norm_mul/s2_z0_q0__0/DSP_OUTPUT_INST
  -------------------------------------------------------------------
                         required time                          2.623    
                         arrival time                          -2.621    
  -------------------------------------------------------------------
                         slack                                  0.002    

Slack (MET) :             0.002ns  (required time - arrival time)
  Source:                 u_rms_norm_core/gen_norm_mul[11].u_norm_mul/s1_a_man_q_reg[3]/C
                            (rising edge-triggered cell FDCE clocked by clk  {rise@0.000ns fall@1.300ns period=2.600ns})
  Destination:            u_rms_norm_core/gen_norm_mul[11].u_norm_mul/s2_z0_q0__0/DSP_OUTPUT_INST/ALU_OUT[13]
                            (rising edge-triggered cell DSP_OUTPUT clocked by clk  {rise@0.000ns fall@1.300ns period=2.600ns})
  Path Group:             clk
  Path Type:              Setup (Max at Slow Process Corner)
  Requirement:            2.600ns  (clk rise@2.600ns - clk rise@0.000ns)
  Data Path Delay:        2.593ns  (logic 2.198ns (84.767%)  route 0.395ns (15.233%))
  Logic Levels:           7  (DSP_A_B_DATA=1 DSP_ALU=2 DSP_M_DATA=1 DSP_MULTIPLIER=1 DSP_OUTPUT=1 DSP_PREADD_DATA=1)
  Clock Path Skew:        0.015ns (DCD - SCD + CPR)
    Destination Clock Delay (DCD):    0.043ns = ( 2.643 - 2.600 ) 
    Source Clock Delay      (SCD):    0.028ns
    Clock Pessimism Removal (CPR):    0.000ns
  Clock Uncertainty:      0.035ns  ((TSJ^2 + TIJ^2)^1/2 + DJ) / 2 + PE
    Total System Jitter     (TSJ):    0.071ns
    Total Input Jitter      (TIJ):    0.000ns
    Discrete Jitter          (DJ):    0.000ns
    Phase Error              (PE):    0.000ns

    Location             Delay type                Incr(ns)  Path(ns)    Netlist Resource(s)
  -------------------------------------------------------------------    -------------------
                         (clock clk rise edge)        0.000     0.000 r  
                                                      0.000     0.000 r  aclk (IN)
                         net (fo=32102, unset)        0.028     0.028    u_rms_norm_core/gen_norm_mul[11].u_norm_mul/aclk
    SLICE_X59Y91         FDCE                                         r  u_rms_norm_core/gen_norm_mul[11].u_norm_mul/s1_a_man_q_reg[3]/C
  -------------------------------------------------------------------    -------------------
    SLICE_X59Y91         FDCE (Prop_CFF2_SLICEL_C_Q)
                                                      0.080     0.108 f  u_rms_norm_core/gen_norm_mul[11].u_norm_mul/s1_a_man_q_reg[3]/Q
                         net (fo=1, routed)           0.381     0.489    u_rms_norm_core/gen_norm_mul[11].u_norm_mul/s2_z0_q0/B[3]
    DSP48E2_X10Y36       DSP_A_B_DATA (Prop_DSP_A_B_DATA_DSP48E2_B[3]_B2_DATA[3])
                                                      0.151     0.640 r  u_rms_norm_core/gen_norm_mul[11].u_norm_mul/s2_z0_q0/DSP_A_B_DATA_INST/B2_DATA[3]
                         net (fo=1, routed)           0.000     0.640    u_rms_norm_core/gen_norm_mul[11].u_norm_mul/s2_z0_q0/DSP_A_B_DATA.B2_DATA<3>
    DSP48E2_X10Y36       DSP_PREADD_DATA (Prop_DSP_PREADD_DATA_DSP48E2_B2_DATA[3]_B2B1[3])
                                                      0.073     0.713 r  u_rms_norm_core/gen_norm_mul[11].u_norm_mul/s2_z0_q0/DSP_PREADD_DATA_INST/B2B1[3]
                         net (fo=1, routed)           0.000     0.713    u_rms_norm_core/gen_norm_mul[11].u_norm_mul/s2_z0_q0/DSP_PREADD_DATA.B2B1<3>
    DSP48E2_X10Y36       DSP_MULTIPLIER (Prop_DSP_MULTIPLIER_DSP48E2_B2B1[3]_V[34])
                                                      0.609     1.322 f  u_rms_norm_core/gen_norm_mul[11].u_norm_mul/s2_z0_q0/DSP_MULTIPLIER_INST/V[34]
                         net (fo=1, routed)           0.000     1.322    u_rms_norm_core/gen_norm_mul[11].u_norm_mul/s2_z0_q0/DSP_MULTIPLIER.V<34>
    DSP48E2_X10Y36       DSP_M_DATA (Prop_DSP_M_DATA_DSP48E2_V[34]_V_DATA[34])
                                                      0.046     1.368 r  u_rms_norm_core/gen_norm_mul[11].u_norm_mul/s2_z0_q0/DSP_M_DATA_INST/V_DATA[34]
                         net (fo=1, routed)           0.000     1.368    u_rms_norm_core/gen_norm_mul[11].u_norm_mul/s2_z0_q0/DSP_M_DATA.V_DATA<34>
    DSP48E2_X10Y36       DSP_ALU (Prop_DSP_ALU_DSP48E2_V_DATA[34]_ALU_OUT[47])
                                                      0.571     1.939 f  u_rms_norm_core/gen_norm_mul[11].u_norm_mul/s2_z0_q0/DSP_ALU_INST/ALU_OUT[47]
                         net (fo=1, routed)           0.000     1.939    u_rms_norm_core/gen_norm_mul[11].u_norm_mul/s2_z0_q0/DSP_ALU.ALU_OUT<47>
    DSP48E2_X10Y36       DSP_OUTPUT (Prop_DSP_OUTPUT_DSP48E2_ALU_OUT[47]_PCOUT[47])
                                                      0.122     2.061 r  u_rms_norm_core/gen_norm_mul[11].u_norm_mul/s2_z0_q0/DSP_OUTPUT_INST/PCOUT[47]
                         net (fo=1, routed)           0.014     2.075    u_rms_norm_core/gen_norm_mul[11].u_norm_mul/s2_z0_q0__0/PCIN[47]
    DSP48E2_X10Y37       DSP_ALU (Prop_DSP_ALU_DSP48E2_PCIN[47]_ALU_OUT[13])
                                                      0.546     2.621 r  u_rms_norm_core/gen_norm_mul[11].u_norm_mul/s2_z0_q0__0/DSP_ALU_INST/ALU_OUT[13]
                         net (fo=1, routed)           0.000     2.621    u_rms_norm_core/gen_norm_mul[11].u_norm_mul/s2_z0_q0__0/DSP_ALU.ALU_OUT<13>
    DSP48E2_X10Y37       DSP_OUTPUT                                   r  u_rms_norm_core/gen_norm_mul[11].u_norm_mul/s2_z0_q0__0/DSP_OUTPUT_INST/ALU_OUT[13]
  -------------------------------------------------------------------    -------------------

                         (clock clk rise edge)        2.600     2.600 r  
                                                      0.000     2.600 r  aclk (IN)
                         net (fo=32102, unset)        0.043     2.643    u_rms_norm_core/gen_norm_mul[11].u_norm_mul/s2_z0_q0__0/CLK
    DSP48E2_X10Y37       DSP_OUTPUT                                   r  u_rms_norm_core/gen_norm_mul[11].u_norm_mul/s2_z0_q0__0/DSP_OUTPUT_INST/CLK
                         clock pessimism              0.000     2.643    
                         clock uncertainty           -0.035     2.608    
    DSP48E2_X10Y37       DSP_OUTPUT (Setup_DSP_OUTPUT_DSP48E2_CLK_ALU_OUT[13])
                                                      0.015     2.623    u_rms_norm_core/gen_norm_mul[11].u_norm_mul/s2_z0_q0__0/DSP_OUTPUT_INST
  -------------------------------------------------------------------
                         required time                          2.623    
                         arrival time                          -2.621    
  -------------------------------------------------------------------
                         slack                                  0.002    

Slack (MET) :             0.002ns  (required time - arrival time)
  Source:                 u_rms_norm_core/gen_norm_mul[11].u_norm_mul/s1_a_man_q_reg[3]/C
                            (rising edge-triggered cell FDCE clocked by clk  {rise@0.000ns fall@1.300ns period=2.600ns})
  Destination:            u_rms_norm_core/gen_norm_mul[11].u_norm_mul/s2_z0_q0__0/DSP_OUTPUT_INST/ALU_OUT[14]
                            (rising edge-triggered cell DSP_OUTPUT clocked by clk  {rise@0.000ns fall@1.300ns period=2.600ns})
  Path Group:             clk
  Path Type:              Setup (Max at Slow Process Corner)
  Requirement:            2.600ns  (clk rise@2.600ns - clk rise@0.000ns)
  Data Path Delay:        2.593ns  (logic 2.198ns (84.767%)  route 0.395ns (15.233%))
  Logic Levels:           7  (DSP_A_B_DATA=1 DSP_ALU=2 DSP_M_DATA=1 DSP_MULTIPLIER=1 DSP_OUTPUT=1 DSP_PREADD_DATA=1)
  Clock Path Skew:        0.015ns (DCD - SCD + CPR)
    Destination Clock Delay (DCD):    0.043ns = ( 2.643 - 2.600 ) 
    Source Clock Delay      (SCD):    0.028ns
    Clock Pessimism Removal (CPR):    0.000ns
  Clock Uncertainty:      0.035ns  ((TSJ^2 + TIJ^2)^1/2 + DJ) / 2 + PE
    Total System Jitter     (TSJ):    0.071ns
    Total Input Jitter      (TIJ):    0.000ns
    Discrete Jitter          (DJ):    0.000ns
    Phase Error              (PE):    0.000ns

    Location             Delay type                Incr(ns)  Path(ns)    Netlist Resource(s)
  -------------------------------------------------------------------    -------------------
                         (clock clk rise edge)        0.000     0.000 r  
                                                      0.000     0.000 r  aclk (IN)
                         net (fo=32102, unset)        0.028     0.028    u_rms_norm_core/gen_norm_mul[11].u_norm_mul/aclk
    SLICE_X59Y91         FDCE                                         r  u_rms_norm_core/gen_norm_mul[11].u_norm_mul/s1_a_man_q_reg[3]/C
  -------------------------------------------------------------------    -------------------
    SLICE_X59Y91         FDCE (Prop_CFF2_SLICEL_C_Q)
                                                      0.080     0.108 f  u_rms_norm_core/gen_norm_mul[11].u_norm_mul/s1_a_man_q_reg[3]/Q
                         net (fo=1, routed)           0.381     0.489    u_rms_norm_core/gen_norm_mul[11].u_norm_mul/s2_z0_q0/B[3]
    DSP48E2_X10Y36       DSP_A_B_DATA (Prop_DSP_A_B_DATA_DSP48E2_B[3]_B2_DATA[3])
                                                      0.151     0.640 r  u_rms_norm_core/gen_norm_mul[11].u_norm_mul/s2_z0_q0/DSP_A_B_DATA_INST/B2_DATA[3]
                         net (fo=1, routed)           0.000     0.640    u_rms_norm_core/gen_norm_mul[11].u_norm_mul/s2_z0_q0/DSP_A_B_DATA.B2_DATA<3>
    DSP48E2_X10Y36       DSP_PREADD_DATA (Prop_DSP_PREADD_DATA_DSP48E2_B2_DATA[3]_B2B1[3])
                                                      0.073     0.713 r  u_rms_norm_core/gen_norm_mul[11].u_norm_mul/s2_z0_q0/DSP_PREADD_DATA_INST/B2B1[3]
                         net (fo=1, routed)           0.000     0.713    u_rms_norm_core/gen_norm_mul[11].u_norm_mul/s2_z0_q0/DSP_PREADD_DATA.B2B1<3>
    DSP48E2_X10Y36       DSP_MULTIPLIER (Prop_DSP_MULTIPLIER_DSP48E2_B2B1[3]_V[34])
                                                      0.609     1.322 f  u_rms_norm_core/gen_norm_mul[11].u_norm_mul/s2_z0_q0/DSP_MULTIPLIER_INST/V[34]
                         net (fo=1, routed)           0.000     1.322    u_rms_norm_core/gen_norm_mul[11].u_norm_mul/s2_z0_q0/DSP_MULTIPLIER.V<34>
    DSP48E2_X10Y36       DSP_M_DATA (Prop_DSP_M_DATA_DSP48E2_V[34]_V_DATA[34])
                                                      0.046     1.368 r  u_rms_norm_core/gen_norm_mul[11].u_norm_mul/s2_z0_q0/DSP_M_DATA_INST/V_DATA[34]
                         net (fo=1, routed)           0.000     1.368    u_rms_norm_core/gen_norm_mul[11].u_norm_mul/s2_z0_q0/DSP_M_DATA.V_DATA<34>
    DSP48E2_X10Y36       DSP_ALU (Prop_DSP_ALU_DSP48E2_V_DATA[34]_ALU_OUT[47])
                                                      0.571     1.939 f  u_rms_norm_core/gen_norm_mul[11].u_norm_mul/s2_z0_q0/DSP_ALU_INST/ALU_OUT[47]
                         net (fo=1, routed)           0.000     1.939    u_rms_norm_core/gen_norm_mul[11].u_norm_mul/s2_z0_q0/DSP_ALU.ALU_OUT<47>
    DSP48E2_X10Y36       DSP_OUTPUT (Prop_DSP_OUTPUT_DSP48E2_ALU_OUT[47]_PCOUT[47])
                                                      0.122     2.061 r  u_rms_norm_core/gen_norm_mul[11].u_norm_mul/s2_z0_q0/DSP_OUTPUT_INST/PCOUT[47]
                         net (fo=1, routed)           0.014     2.075    u_rms_norm_core/gen_norm_mul[11].u_norm_mul/s2_z0_q0__0/PCIN[47]
    DSP48E2_X10Y37       DSP_ALU (Prop_DSP_ALU_DSP48E2_PCIN[47]_ALU_OUT[14])
                                                      0.546     2.621 r  u_rms_norm_core/gen_norm_mul[11].u_norm_mul/s2_z0_q0__0/DSP_ALU_INST/ALU_OUT[14]
                         net (fo=1, routed)           0.000     2.621    u_rms_norm_core/gen_norm_mul[11].u_norm_mul/s2_z0_q0__0/DSP_ALU.ALU_OUT<14>
    DSP48E2_X10Y37       DSP_OUTPUT                                   r  u_rms_norm_core/gen_norm_mul[11].u_norm_mul/s2_z0_q0__0/DSP_OUTPUT_INST/ALU_OUT[14]
  -------------------------------------------------------------------    -------------------

                         (clock clk rise edge)        2.600     2.600 r  
                                                      0.000     2.600 r  aclk (IN)
                         net (fo=32102, unset)        0.043     2.643    u_rms_norm_core/gen_norm_mul[11].u_norm_mul/s2_z0_q0__0/CLK
    DSP48E2_X10Y37       DSP_OUTPUT                                   r  u_rms_norm_core/gen_norm_mul[11].u_norm_mul/s2_z0_q0__0/DSP_OUTPUT_INST/CLK
                         clock pessimism              0.000     2.643    
                         clock uncertainty           -0.035     2.608    
    DSP48E2_X10Y37       DSP_OUTPUT (Setup_DSP_OUTPUT_DSP48E2_CLK_ALU_OUT[14])
                                                      0.015     2.623    u_rms_norm_core/gen_norm_mul[11].u_norm_mul/s2_z0_q0__0/DSP_OUTPUT_INST
  -------------------------------------------------------------------
                         required time                          2.623    
                         arrival time                          -2.621    
  -------------------------------------------------------------------
                         slack                                  0.002    

Slack (MET) :             0.002ns  (required time - arrival time)
  Source:                 u_rms_norm_core/gen_norm_mul[11].u_norm_mul/s1_a_man_q_reg[3]/C
                            (rising edge-triggered cell FDCE clocked by clk  {rise@0.000ns fall@1.300ns period=2.600ns})
  Destination:            u_rms_norm_core/gen_norm_mul[11].u_norm_mul/s2_z0_q0__0/DSP_OUTPUT_INST/ALU_OUT[15]
                            (rising edge-triggered cell DSP_OUTPUT clocked by clk  {rise@0.000ns fall@1.300ns period=2.600ns})
  Path Group:             clk
  Path Type:              Setup (Max at Slow Process Corner)
  Requirement:            2.600ns  (clk rise@2.600ns - clk rise@0.000ns)
  Data Path Delay:        2.593ns  (logic 2.198ns (84.767%)  route 0.395ns (15.233%))
  Logic Levels:           7  (DSP_A_B_DATA=1 DSP_ALU=2 DSP_M_DATA=1 DSP_MULTIPLIER=1 DSP_OUTPUT=1 DSP_PREADD_DATA=1)
  Clock Path Skew:        0.015ns (DCD - SCD + CPR)
    Destination Clock Delay (DCD):    0.043ns = ( 2.643 - 2.600 ) 
    Source Clock Delay      (SCD):    0.028ns
    Clock Pessimism Removal (CPR):    0.000ns
  Clock Uncertainty:      0.035ns  ((TSJ^2 + TIJ^2)^1/2 + DJ) / 2 + PE
    Total System Jitter     (TSJ):    0.071ns
    Total Input Jitter      (TIJ):    0.000ns
    Discrete Jitter          (DJ):    0.000ns
    Phase Error              (PE):    0.000ns

    Location             Delay type                Incr(ns)  Path(ns)    Netlist Resource(s)
  -------------------------------------------------------------------    -------------------
                         (clock clk rise edge)        0.000     0.000 r  
                                                      0.000     0.000 r  aclk (IN)
                         net (fo=32102, unset)        0.028     0.028    u_rms_norm_core/gen_norm_mul[11].u_norm_mul/aclk
    SLICE_X59Y91         FDCE                                         r  u_rms_norm_core/gen_norm_mul[11].u_norm_mul/s1_a_man_q_reg[3]/C
  -------------------------------------------------------------------    -------------------
    SLICE_X59Y91         FDCE (Prop_CFF2_SLICEL_C_Q)
                                                      0.080     0.108 f  u_rms_norm_core/gen_norm_mul[11].u_norm_mul/s1_a_man_q_reg[3]/Q
                         net (fo=1, routed)           0.381     0.489    u_rms_norm_core/gen_norm_mul[11].u_norm_mul/s2_z0_q0/B[3]
    DSP48E2_X10Y36       DSP_A_B_DATA (Prop_DSP_A_B_DATA_DSP48E2_B[3]_B2_DATA[3])
                                                      0.151     0.640 r  u_rms_norm_core/gen_norm_mul[11].u_norm_mul/s2_z0_q0/DSP_A_B_DATA_INST/B2_DATA[3]
                         net (fo=1, routed)           0.000     0.640    u_rms_norm_core/gen_norm_mul[11].u_norm_mul/s2_z0_q0/DSP_A_B_DATA.B2_DATA<3>
    DSP48E2_X10Y36       DSP_PREADD_DATA (Prop_DSP_PREADD_DATA_DSP48E2_B2_DATA[3]_B2B1[3])
                                                      0.073     0.713 r  u_rms_norm_core/gen_norm_mul[11].u_norm_mul/s2_z0_q0/DSP_PREADD_DATA_INST/B2B1[3]
                         net (fo=1, routed)           0.000     0.713    u_rms_norm_core/gen_norm_mul[11].u_norm_mul/s2_z0_q0/DSP_PREADD_DATA.B2B1<3>
    DSP48E2_X10Y36       DSP_MULTIPLIER (Prop_DSP_MULTIPLIER_DSP48E2_B2B1[3]_V[34])
                                                      0.609     1.322 f  u_rms_norm_core/gen_norm_mul[11].u_norm_mul/s2_z0_q0/DSP_MULTIPLIER_INST/V[34]
                         net (fo=1, routed)           0.000     1.322    u_rms_norm_core/gen_norm_mul[11].u_norm_mul/s2_z0_q0/DSP_MULTIPLIER.V<34>
    DSP48E2_X10Y36       DSP_M_DATA (Prop_DSP_M_DATA_DSP48E2_V[34]_V_DATA[34])
                                                      0.046     1.368 r  u_rms_norm_core/gen_norm_mul[11].u_norm_mul/s2_z0_q0/DSP_M_DATA_INST/V_DATA[34]
                         net (fo=1, routed)           0.000     1.368    u_rms_norm_core/gen_norm_mul[11].u_norm_mul/s2_z0_q0/DSP_M_DATA.V_DATA<34>
    DSP48E2_X10Y36       DSP_ALU (Prop_DSP_ALU_DSP48E2_V_DATA[34]_ALU_OUT[47])
                                                      0.571     1.939 f  u_rms_norm_core/gen_norm_mul[11].u_norm_mul/s2_z0_q0/DSP_ALU_INST/ALU_OUT[47]
                         net (fo=1, routed)           0.000     1.939    u_rms_norm_core/gen_norm_mul[11].u_norm_mul/s2_z0_q0/DSP_ALU.ALU_OUT<47>
    DSP48E2_X10Y36       DSP_OUTPUT (Prop_DSP_OUTPUT_DSP48E2_ALU_OUT[47]_PCOUT[47])
                                                      0.122     2.061 r  u_rms_norm_core/gen_norm_mul[11].u_norm_mul/s2_z0_q0/DSP_OUTPUT_INST/PCOUT[47]
                         net (fo=1, routed)           0.014     2.075    u_rms_norm_core/gen_norm_mul[11].u_norm_mul/s2_z0_q0__0/PCIN[47]
    DSP48E2_X10Y37       DSP_ALU (Prop_DSP_ALU_DSP48E2_PCIN[47]_ALU_OUT[15])
                                                      0.546     2.621 r  u_rms_norm_core/gen_norm_mul[11].u_norm_mul/s2_z0_q0__0/DSP_ALU_INST/ALU_OUT[15]
                         net (fo=1, routed)           0.000     2.621    u_rms_norm_core/gen_norm_mul[11].u_norm_mul/s2_z0_q0__0/DSP_ALU.ALU_OUT<15>
    DSP48E2_X10Y37       DSP_OUTPUT                                   r  u_rms_norm_core/gen_norm_mul[11].u_norm_mul/s2_z0_q0__0/DSP_OUTPUT_INST/ALU_OUT[15]
  -------------------------------------------------------------------    -------------------

                         (clock clk rise edge)        2.600     2.600 r  
                                                      0.000     2.600 r  aclk (IN)
                         net (fo=32102, unset)        0.043     2.643    u_rms_norm_core/gen_norm_mul[11].u_norm_mul/s2_z0_q0__0/CLK
    DSP48E2_X10Y37       DSP_OUTPUT                                   r  u_rms_norm_core/gen_norm_mul[11].u_norm_mul/s2_z0_q0__0/DSP_OUTPUT_INST/CLK
                         clock pessimism              0.000     2.643    
                         clock uncertainty           -0.035     2.608    
    DSP48E2_X10Y37       DSP_OUTPUT (Setup_DSP_OUTPUT_DSP48E2_CLK_ALU_OUT[15])
                                                      0.015     2.623    u_rms_norm_core/gen_norm_mul[11].u_norm_mul/s2_z0_q0__0/DSP_OUTPUT_INST
  -------------------------------------------------------------------
                         required time                          2.623    
                         arrival time                          -2.621    
  -------------------------------------------------------------------
                         slack                                  0.002    

Slack (MET) :             0.002ns  (required time - arrival time)
  Source:                 u_rms_norm_core/gen_norm_mul[11].u_norm_mul/s1_a_man_q_reg[3]/C
                            (rising edge-triggered cell FDCE clocked by clk  {rise@0.000ns fall@1.300ns period=2.600ns})
  Destination:            u_rms_norm_core/gen_norm_mul[11].u_norm_mul/s2_z0_q0__0/DSP_OUTPUT_INST/ALU_OUT[16]
                            (rising edge-triggered cell DSP_OUTPUT clocked by clk  {rise@0.000ns fall@1.300ns period=2.600ns})
  Path Group:             clk
  Path Type:              Setup (Max at Slow Process Corner)
  Requirement:            2.600ns  (clk rise@2.600ns - clk rise@0.000ns)
  Data Path Delay:        2.593ns  (logic 2.198ns (84.767%)  route 0.395ns (15.233%))
  Logic Levels:           7  (DSP_A_B_DATA=1 DSP_ALU=2 DSP_M_DATA=1 DSP_MULTIPLIER=1 DSP_OUTPUT=1 DSP_PREADD_DATA=1)
  Clock Path Skew:        0.015ns (DCD - SCD + CPR)
    Destination Clock Delay (DCD):    0.043ns = ( 2.643 - 2.600 ) 
    Source Clock Delay      (SCD):    0.028ns
    Clock Pessimism Removal (CPR):    0.000ns
  Clock Uncertainty:      0.035ns  ((TSJ^2 + TIJ^2)^1/2 + DJ) / 2 + PE
    Total System Jitter     (TSJ):    0.071ns
    Total Input Jitter      (TIJ):    0.000ns
    Discrete Jitter          (DJ):    0.000ns
    Phase Error              (PE):    0.000ns

    Location             Delay type                Incr(ns)  Path(ns)    Netlist Resource(s)
  -------------------------------------------------------------------    -------------------
                         (clock clk rise edge)        0.000     0.000 r  
                                                      0.000     0.000 r  aclk (IN)
                         net (fo=32102, unset)        0.028     0.028    u_rms_norm_core/gen_norm_mul[11].u_norm_mul/aclk
    SLICE_X59Y91         FDCE                                         r  u_rms_norm_core/gen_norm_mul[11].u_norm_mul/s1_a_man_q_reg[3]/C
  -------------------------------------------------------------------    -------------------
    SLICE_X59Y91         FDCE (Prop_CFF2_SLICEL_C_Q)
                                                      0.080     0.108 f  u_rms_norm_core/gen_norm_mul[11].u_norm_mul/s1_a_man_q_reg[3]/Q
                         net (fo=1, routed)           0.381     0.489    u_rms_norm_core/gen_norm_mul[11].u_norm_mul/s2_z0_q0/B[3]
    DSP48E2_X10Y36       DSP_A_B_DATA (Prop_DSP_A_B_DATA_DSP48E2_B[3]_B2_DATA[3])
                                                      0.151     0.640 r  u_rms_norm_core/gen_norm_mul[11].u_norm_mul/s2_z0_q0/DSP_A_B_DATA_INST/B2_DATA[3]
                         net (fo=1, routed)           0.000     0.640    u_rms_norm_core/gen_norm_mul[11].u_norm_mul/s2_z0_q0/DSP_A_B_DATA.B2_DATA<3>
    DSP48E2_X10Y36       DSP_PREADD_DATA (Prop_DSP_PREADD_DATA_DSP48E2_B2_DATA[3]_B2B1[3])
                                                      0.073     0.713 r  u_rms_norm_core/gen_norm_mul[11].u_norm_mul/s2_z0_q0/DSP_PREADD_DATA_INST/B2B1[3]
                         net (fo=1, routed)           0.000     0.713    u_rms_norm_core/gen_norm_mul[11].u_norm_mul/s2_z0_q0/DSP_PREADD_DATA.B2B1<3>
    DSP48E2_X10Y36       DSP_MULTIPLIER (Prop_DSP_MULTIPLIER_DSP48E2_B2B1[3]_V[34])
                                                      0.609     1.322 f  u_rms_norm_core/gen_norm_mul[11].u_norm_mul/s2_z0_q0/DSP_MULTIPLIER_INST/V[34]
                         net (fo=1, routed)           0.000     1.322    u_rms_norm_core/gen_norm_mul[11].u_norm_mul/s2_z0_q0/DSP_MULTIPLIER.V<34>
    DSP48E2_X10Y36       DSP_M_DATA (Prop_DSP_M_DATA_DSP48E2_V[34]_V_DATA[34])
                                                      0.046     1.368 r  u_rms_norm_core/gen_norm_mul[11].u_norm_mul/s2_z0_q0/DSP_M_DATA_INST/V_DATA[34]
                         net (fo=1, routed)           0.000     1.368    u_rms_norm_core/gen_norm_mul[11].u_norm_mul/s2_z0_q0/DSP_M_DATA.V_DATA<34>
    DSP48E2_X10Y36       DSP_ALU (Prop_DSP_ALU_DSP48E2_V_DATA[34]_ALU_OUT[47])
                                                      0.571     1.939 f  u_rms_norm_core/gen_norm_mul[11].u_norm_mul/s2_z0_q0/DSP_ALU_INST/ALU_OUT[47]
                         net (fo=1, routed)           0.000     1.939    u_rms_norm_core/gen_norm_mul[11].u_norm_mul/s2_z0_q0/DSP_ALU.ALU_OUT<47>
    DSP48E2_X10Y36       DSP_OUTPUT (Prop_DSP_OUTPUT_DSP48E2_ALU_OUT[47]_PCOUT[47])
                                                      0.122     2.061 r  u_rms_norm_core/gen_norm_mul[11].u_norm_mul/s2_z0_q0/DSP_OUTPUT_INST/PCOUT[47]
                         net (fo=1, routed)           0.014     2.075    u_rms_norm_core/gen_norm_mul[11].u_norm_mul/s2_z0_q0__0/PCIN[47]
    DSP48E2_X10Y37       DSP_ALU (Prop_DSP_ALU_DSP48E2_PCIN[47]_ALU_OUT[16])
                                                      0.546     2.621 r  u_rms_norm_core/gen_norm_mul[11].u_norm_mul/s2_z0_q0__0/DSP_ALU_INST/ALU_OUT[16]
                         net (fo=1, routed)           0.000     2.621    u_rms_norm_core/gen_norm_mul[11].u_norm_mul/s2_z0_q0__0/DSP_ALU.ALU_OUT<16>
    DSP48E2_X10Y37       DSP_OUTPUT                                   r  u_rms_norm_core/gen_norm_mul[11].u_norm_mul/s2_z0_q0__0/DSP_OUTPUT_INST/ALU_OUT[16]
  -------------------------------------------------------------------    -------------------

                         (clock clk rise edge)        2.600     2.600 r  
                                                      0.000     2.600 r  aclk (IN)
                         net (fo=32102, unset)        0.043     2.643    u_rms_norm_core/gen_norm_mul[11].u_norm_mul/s2_z0_q0__0/CLK
    DSP48E2_X10Y37       DSP_OUTPUT                                   r  u_rms_norm_core/gen_norm_mul[11].u_norm_mul/s2_z0_q0__0/DSP_OUTPUT_INST/CLK
                         clock pessimism              0.000     2.643    
                         clock uncertainty           -0.035     2.608    
    DSP48E2_X10Y37       DSP_OUTPUT (Setup_DSP_OUTPUT_DSP48E2_CLK_ALU_OUT[16])
                                                      0.015     2.623    u_rms_norm_core/gen_norm_mul[11].u_norm_mul/s2_z0_q0__0/DSP_OUTPUT_INST
  -------------------------------------------------------------------
                         required time                          2.623    
                         arrival time                          -2.621    
  -------------------------------------------------------------------
                         slack                                  0.002    

Slack (MET) :             0.002ns  (required time - arrival time)
  Source:                 u_rms_norm_core/gen_norm_mul[11].u_norm_mul/s1_a_man_q_reg[3]/C
                            (rising edge-triggered cell FDCE clocked by clk  {rise@0.000ns fall@1.300ns period=2.600ns})
  Destination:            u_rms_norm_core/gen_norm_mul[11].u_norm_mul/s2_z0_q0__0/DSP_OUTPUT_INST/ALU_OUT[17]
                            (rising edge-triggered cell DSP_OUTPUT clocked by clk  {rise@0.000ns fall@1.300ns period=2.600ns})
  Path Group:             clk
  Path Type:              Setup (Max at Slow Process Corner)
  Requirement:            2.600ns  (clk rise@2.600ns - clk rise@0.000ns)
  Data Path Delay:        2.593ns  (logic 2.198ns (84.767%)  route 0.395ns (15.233%))
  Logic Levels:           7  (DSP_A_B_DATA=1 DSP_ALU=2 DSP_M_DATA=1 DSP_MULTIPLIER=1 DSP_OUTPUT=1 DSP_PREADD_DATA=1)
  Clock Path Skew:        0.015ns (DCD - SCD + CPR)
    Destination Clock Delay (DCD):    0.043ns = ( 2.643 - 2.600 ) 
    Source Clock Delay      (SCD):    0.028ns
    Clock Pessimism Removal (CPR):    0.000ns
  Clock Uncertainty:      0.035ns  ((TSJ^2 + TIJ^2)^1/2 + DJ) / 2 + PE
    Total System Jitter     (TSJ):    0.071ns
    Total Input Jitter      (TIJ):    0.000ns
    Discrete Jitter          (DJ):    0.000ns
    Phase Error              (PE):    0.000ns

    Location             Delay type                Incr(ns)  Path(ns)    Netlist Resource(s)
  -------------------------------------------------------------------    -------------------
                         (clock clk rise edge)        0.000     0.000 r  
                                                      0.000     0.000 r  aclk (IN)
                         net (fo=32102, unset)        0.028     0.028    u_rms_norm_core/gen_norm_mul[11].u_norm_mul/aclk
    SLICE_X59Y91         FDCE                                         r  u_rms_norm_core/gen_norm_mul[11].u_norm_mul/s1_a_man_q_reg[3]/C
  -------------------------------------------------------------------    -------------------
    SLICE_X59Y91         FDCE (Prop_CFF2_SLICEL_C_Q)
                                                      0.080     0.108 f  u_rms_norm_core/gen_norm_mul[11].u_norm_mul/s1_a_man_q_reg[3]/Q
                         net (fo=1, routed)           0.381     0.489    u_rms_norm_core/gen_norm_mul[11].u_norm_mul/s2_z0_q0/B[3]
    DSP48E2_X10Y36       DSP_A_B_DATA (Prop_DSP_A_B_DATA_DSP48E2_B[3]_B2_DATA[3])
                                                      0.151     0.640 r  u_rms_norm_core/gen_norm_mul[11].u_norm_mul/s2_z0_q0/DSP_A_B_DATA_INST/B2_DATA[3]
                         net (fo=1, routed)           0.000     0.640    u_rms_norm_core/gen_norm_mul[11].u_norm_mul/s2_z0_q0/DSP_A_B_DATA.B2_DATA<3>
    DSP48E2_X10Y36       DSP_PREADD_DATA (Prop_DSP_PREADD_DATA_DSP48E2_B2_DATA[3]_B2B1[3])
                                                      0.073     0.713 r  u_rms_norm_core/gen_norm_mul[11].u_norm_mul/s2_z0_q0/DSP_PREADD_DATA_INST/B2B1[3]
                         net (fo=1, routed)           0.000     0.713    u_rms_norm_core/gen_norm_mul[11].u_norm_mul/s2_z0_q0/DSP_PREADD_DATA.B2B1<3>
    DSP48E2_X10Y36       DSP_MULTIPLIER (Prop_DSP_MULTIPLIER_DSP48E2_B2B1[3]_V[34])
                                                      0.609     1.322 f  u_rms_norm_core/gen_norm_mul[11].u_norm_mul/s2_z0_q0/DSP_MULTIPLIER_INST/V[34]
                         net (fo=1, routed)           0.000     1.322    u_rms_norm_core/gen_norm_mul[11].u_norm_mul/s2_z0_q0/DSP_MULTIPLIER.V<34>
    DSP48E2_X10Y36       DSP_M_DATA (Prop_DSP_M_DATA_DSP48E2_V[34]_V_DATA[34])
                                                      0.046     1.368 r  u_rms_norm_core/gen_norm_mul[11].u_norm_mul/s2_z0_q0/DSP_M_DATA_INST/V_DATA[34]
                         net (fo=1, routed)           0.000     1.368    u_rms_norm_core/gen_norm_mul[11].u_norm_mul/s2_z0_q0/DSP_M_DATA.V_DATA<34>
    DSP48E2_X10Y36       DSP_ALU (Prop_DSP_ALU_DSP48E2_V_DATA[34]_ALU_OUT[47])
                                                      0.571     1.939 f  u_rms_norm_core/gen_norm_mul[11].u_norm_mul/s2_z0_q0/DSP_ALU_INST/ALU_OUT[47]
                         net (fo=1, routed)           0.000     1.939    u_rms_norm_core/gen_norm_mul[11].u_norm_mul/s2_z0_q0/DSP_ALU.ALU_OUT<47>
    DSP48E2_X10Y36       DSP_OUTPUT (Prop_DSP_OUTPUT_DSP48E2_ALU_OUT[47]_PCOUT[47])
                                                      0.122     2.061 r  u_rms_norm_core/gen_norm_mul[11].u_norm_mul/s2_z0_q0/DSP_OUTPUT_INST/PCOUT[47]
                         net (fo=1, routed)           0.014     2.075    u_rms_norm_core/gen_norm_mul[11].u_norm_mul/s2_z0_q0__0/PCIN[47]
    DSP48E2_X10Y37       DSP_ALU (Prop_DSP_ALU_DSP48E2_PCIN[47]_ALU_OUT[17])
                                                      0.546     2.621 r  u_rms_norm_core/gen_norm_mul[11].u_norm_mul/s2_z0_q0__0/DSP_ALU_INST/ALU_OUT[17]
                         net (fo=1, routed)           0.000     2.621    u_rms_norm_core/gen_norm_mul[11].u_norm_mul/s2_z0_q0__0/DSP_ALU.ALU_OUT<17>
    DSP48E2_X10Y37       DSP_OUTPUT                                   r  u_rms_norm_core/gen_norm_mul[11].u_norm_mul/s2_z0_q0__0/DSP_OUTPUT_INST/ALU_OUT[17]
  -------------------------------------------------------------------    -------------------

                         (clock clk rise edge)        2.600     2.600 r  
                                                      0.000     2.600 r  aclk (IN)
                         net (fo=32102, unset)        0.043     2.643    u_rms_norm_core/gen_norm_mul[11].u_norm_mul/s2_z0_q0__0/CLK
    DSP48E2_X10Y37       DSP_OUTPUT                                   r  u_rms_norm_core/gen_norm_mul[11].u_norm_mul/s2_z0_q0__0/DSP_OUTPUT_INST/CLK
                         clock pessimism              0.000     2.643    
                         clock uncertainty           -0.035     2.608    
    DSP48E2_X10Y37       DSP_OUTPUT (Setup_DSP_OUTPUT_DSP48E2_CLK_ALU_OUT[17])
                                                      0.015     2.623    u_rms_norm_core/gen_norm_mul[11].u_norm_mul/s2_z0_q0__0/DSP_OUTPUT_INST
  -------------------------------------------------------------------
                         required time                          2.623    
                         arrival time                          -2.621    
  -------------------------------------------------------------------
                         slack                                  0.002    

Slack (MET) :             0.002ns  (required time - arrival time)
  Source:                 u_rms_norm_core/gen_norm_mul[11].u_norm_mul/s1_a_man_q_reg[3]/C
                            (rising edge-triggered cell FDCE clocked by clk  {rise@0.000ns fall@1.300ns period=2.600ns})
  Destination:            u_rms_norm_core/gen_norm_mul[11].u_norm_mul/s2_z0_q0__0/DSP_OUTPUT_INST/ALU_OUT[18]
                            (rising edge-triggered cell DSP_OUTPUT clocked by clk  {rise@0.000ns fall@1.300ns period=2.600ns})
  Path Group:             clk
  Path Type:              Setup (Max at Slow Process Corner)
  Requirement:            2.600ns  (clk rise@2.600ns - clk rise@0.000ns)
  Data Path Delay:        2.593ns  (logic 2.198ns (84.767%)  route 0.395ns (15.233%))
  Logic Levels:           7  (DSP_A_B_DATA=1 DSP_ALU=2 DSP_M_DATA=1 DSP_MULTIPLIER=1 DSP_OUTPUT=1 DSP_PREADD_DATA=1)
  Clock Path Skew:        0.015ns (DCD - SCD + CPR)
    Destination Clock Delay (DCD):    0.043ns = ( 2.643 - 2.600 ) 
    Source Clock Delay      (SCD):    0.028ns
    Clock Pessimism Removal (CPR):    0.000ns
  Clock Uncertainty:      0.035ns  ((TSJ^2 + TIJ^2)^1/2 + DJ) / 2 + PE
    Total System Jitter     (TSJ):    0.071ns
    Total Input Jitter      (TIJ):    0.000ns
    Discrete Jitter          (DJ):    0.000ns
    Phase Error              (PE):    0.000ns

    Location             Delay type                Incr(ns)  Path(ns)    Netlist Resource(s)
  -------------------------------------------------------------------    -------------------
                         (clock clk rise edge)        0.000     0.000 r  
                                                      0.000     0.000 r  aclk (IN)
                         net (fo=32102, unset)        0.028     0.028    u_rms_norm_core/gen_norm_mul[11].u_norm_mul/aclk
    SLICE_X59Y91         FDCE                                         r  u_rms_norm_core/gen_norm_mul[11].u_norm_mul/s1_a_man_q_reg[3]/C
  -------------------------------------------------------------------    -------------------
    SLICE_X59Y91         FDCE (Prop_CFF2_SLICEL_C_Q)
                                                      0.080     0.108 f  u_rms_norm_core/gen_norm_mul[11].u_norm_mul/s1_a_man_q_reg[3]/Q
                         net (fo=1, routed)           0.381     0.489    u_rms_norm_core/gen_norm_mul[11].u_norm_mul/s2_z0_q0/B[3]
    DSP48E2_X10Y36       DSP_A_B_DATA (Prop_DSP_A_B_DATA_DSP48E2_B[3]_B2_DATA[3])
                                                      0.151     0.640 r  u_rms_norm_core/gen_norm_mul[11].u_norm_mul/s2_z0_q0/DSP_A_B_DATA_INST/B2_DATA[3]
                         net (fo=1, routed)           0.000     0.640    u_rms_norm_core/gen_norm_mul[11].u_norm_mul/s2_z0_q0/DSP_A_B_DATA.B2_DATA<3>
    DSP48E2_X10Y36       DSP_PREADD_DATA (Prop_DSP_PREADD_DATA_DSP48E2_B2_DATA[3]_B2B1[3])
                                                      0.073     0.713 r  u_rms_norm_core/gen_norm_mul[11].u_norm_mul/s2_z0_q0/DSP_PREADD_DATA_INST/B2B1[3]
                         net (fo=1, routed)           0.000     0.713    u_rms_norm_core/gen_norm_mul[11].u_norm_mul/s2_z0_q0/DSP_PREADD_DATA.B2B1<3>
    DSP48E2_X10Y36       DSP_MULTIPLIER (Prop_DSP_MULTIPLIER_DSP48E2_B2B1[3]_V[34])
                                                      0.609     1.322 f  u_rms_norm_core/gen_norm_mul[11].u_norm_mul/s2_z0_q0/DSP_MULTIPLIER_INST/V[34]
                         net (fo=1, routed)           0.000     1.322    u_rms_norm_core/gen_norm_mul[11].u_norm_mul/s2_z0_q0/DSP_MULTIPLIER.V<34>
    DSP48E2_X10Y36       DSP_M_DATA (Prop_DSP_M_DATA_DSP48E2_V[34]_V_DATA[34])
                                                      0.046     1.368 r  u_rms_norm_core/gen_norm_mul[11].u_norm_mul/s2_z0_q0/DSP_M_DATA_INST/V_DATA[34]
                         net (fo=1, routed)           0.000     1.368    u_rms_norm_core/gen_norm_mul[11].u_norm_mul/s2_z0_q0/DSP_M_DATA.V_DATA<34>
    DSP48E2_X10Y36       DSP_ALU (Prop_DSP_ALU_DSP48E2_V_DATA[34]_ALU_OUT[47])
                                                      0.571     1.939 f  u_rms_norm_core/gen_norm_mul[11].u_norm_mul/s2_z0_q0/DSP_ALU_INST/ALU_OUT[47]
                         net (fo=1, routed)           0.000     1.939    u_rms_norm_core/gen_norm_mul[11].u_norm_mul/s2_z0_q0/DSP_ALU.ALU_OUT<47>
    DSP48E2_X10Y36       DSP_OUTPUT (Prop_DSP_OUTPUT_DSP48E2_ALU_OUT[47]_PCOUT[47])
                                                      0.122     2.061 r  u_rms_norm_core/gen_norm_mul[11].u_norm_mul/s2_z0_q0/DSP_OUTPUT_INST/PCOUT[47]
                         net (fo=1, routed)           0.014     2.075    u_rms_norm_core/gen_norm_mul[11].u_norm_mul/s2_z0_q0__0/PCIN[47]
    DSP48E2_X10Y37       DSP_ALU (Prop_DSP_ALU_DSP48E2_PCIN[47]_ALU_OUT[18])
                                                      0.546     2.621 r  u_rms_norm_core/gen_norm_mul[11].u_norm_mul/s2_z0_q0__0/DSP_ALU_INST/ALU_OUT[18]
                         net (fo=1, routed)           0.000     2.621    u_rms_norm_core/gen_norm_mul[11].u_norm_mul/s2_z0_q0__0/DSP_ALU.ALU_OUT<18>
    DSP48E2_X10Y37       DSP_OUTPUT                                   r  u_rms_norm_core/gen_norm_mul[11].u_norm_mul/s2_z0_q0__0/DSP_OUTPUT_INST/ALU_OUT[18]
  -------------------------------------------------------------------    -------------------

                         (clock clk rise edge)        2.600     2.600 r  
                                                      0.000     2.600 r  aclk (IN)
                         net (fo=32102, unset)        0.043     2.643    u_rms_norm_core/gen_norm_mul[11].u_norm_mul/s2_z0_q0__0/CLK
    DSP48E2_X10Y37       DSP_OUTPUT                                   r  u_rms_norm_core/gen_norm_mul[11].u_norm_mul/s2_z0_q0__0/DSP_OUTPUT_INST/CLK
                         clock pessimism              0.000     2.643    
                         clock uncertainty           -0.035     2.608    
    DSP48E2_X10Y37       DSP_OUTPUT (Setup_DSP_OUTPUT_DSP48E2_CLK_ALU_OUT[18])
                                                      0.015     2.623    u_rms_norm_core/gen_norm_mul[11].u_norm_mul/s2_z0_q0__0/DSP_OUTPUT_INST
  -------------------------------------------------------------------
                         required time                          2.623    
                         arrival time                          -2.621    
  -------------------------------------------------------------------
                         slack                                  0.002    
